#
# A fatal error has been detected by the Java Runtime Environment:
#
#  SIGBUS (0x7) at pc=0x00007f54849cdbff, pid=25218, tid=139999895979776
#
# JRE version: 7.0_09-b30
# Java VM: OpenJDK 64-Bit Server VM (23.2-b09 mixed mode linux-amd64 compressed oops)
# Problematic frame:
# 
[error occurred during error reporting (printing problematic frame), id 0x7]

# Failed to write core dump. Core dumps have been disabled. To enable core dumping, try "ulimit -c unlimited" before starting Java again
#
# If you would like to submit a bug report, please include
# instructions on how to reproduce the bug and visit:
#   https://bugs.launchpad.net/ubuntu/+source/openjdk-7/
# The crash happened outside the Java Virtual Machine in native code.
# See problematic frame for where to report the bug.
#

---------------  T H R E A D  ---------------

Current thread (0x00007f54883ae800):  JavaThread "LWJGL Application" [_thread_in_native, id=25241, stack(0x00007f5444018000,0x00007f5444119000)]

siginfo:si_signo=SIGBUS: si_errno=0, si_code=2 (BUS_ADRERR), si_addr=0x00007f54849eac14

Registers:
RAX=0x00000007ad662ba8, RBX=0x00007f54883ae9d8, RCX=0x000000000000ad31, RDX=0x00007f549142ee20
RSP=0x00007f54441177d0, RBP=0x00007f5444117910, RSI=0x0000000000000007, RDI=0x00007f54883ae800
R8 =0x0000000000000010, R9 =0x0000000000000010, R10=0x00007f5485011f64, R11=0x00007f5490f090b0
R12=0x0000000000000000, R13=0x00000006fbf48800, R14=0x00007f5444117910, R15=0x00007f54883ae800
RIP=0x00007f54849cdbff, EFLAGS=0x0000000000010206, CSGSFS=0x0000000000000033, ERR=0x0000000000000004
  TRAPNO=0x000000000000000e

Top of Stack: (sp=0x00007f54441177d0)
0x00007f54441177d0:   00007f54883ae800 0000000044117bc0
0x00007f54441177e0:   000000003acccccd 0000000000000000
0x00007f54441177f0:   0000000000000000 0000000000000000
0x00007f5444117800:   000000003691a2b4 0000000000000000
0x00007f5444117810:   0000000000000000 0000000000000000
0x00007f5444117820:   0000000000000000 8000000000000000
0x00007f5444117830:   00007f54b3ba69dc 00007f54849cd095
0x00007f5444117840:   00007f54883ae800 00007f5444117bc0
0x00007f5444117850:   00007f54441178a0 00007f5490cc25eb
0x00007f5444117860:   00007f54883ae800 0000000000000000
0x00007f5444117870:   0000000000000000 3f800000bf800000
0x00007f5444117880:   00000006fbf48800 00007f54441178f0
0x00007f5444117890:   0000000000000000 00007f5485011f90
0x00007f54441178a0:   00007f54441178f0 00007f54850bc475
0x00007f54441178b0:   00007f54441178b0 0000000000000000
0x00007f54441178c0:   00007f5444117910 00000006fbf49638
0x00007f54441178d0:   0000000000000000 00000006fbf48800
0x00007f54441178e0:   0000000000000000 00007f5444117910
0x00007f54441178f0:   00007f5444117958 00007f5485006450
0x00007f5444117900:   00000007ad657c68 00007f548500edc0
0x00007f5444117910:   00000007ad662b98 00007f5444117918
0x00007f5444117920:   00000006fbf3a512 00007f5444117970
0x00007f5444117930:   00000006fbf3d4a0 00000006fc0da948
0x00007f5444117940:   00000006fbf3a550 00007f5444117910
0x00007f5444117950:   00007f5444117968 00007f54441179b8
0x00007f5444117960:   00007f5485006158 0000000000000001
0x00007f5444117970:   00000007ad63a138 00007f5444117978
0x00007f5444117980:   00000006fbf3a372 00007f54441179c8
0x00007f5444117990:   00000006fbf3d4a0 00000006fc0da720
0x00007f54441179a0:   00000006fbf3a390 00007f5444117968
0x00007f54441179b0:   00007f54441179c8 00007f5444117a10
0x00007f54441179c0:   00007f5485006158 00000007ad63a138 

Instructions: (pc=0x00007f54849cdbff)
0x00007f54849cdbdf:   0f 10 7c 24 5c f3 44 0f 59 f9 f3 41 0f 5c c7 f3
0x00007f54849cdbef:   44 0f 10 7c 24 60 f3 44 0f 59 f9 f3 41 0f 58 c7
0x00007f54849cdbff:   0f 2e 05 0e d0 01 00 0f 8b d4 07 00 00 44 0f 28
0x00007f54849cdc0f:   ff 41 bc 01 00 00 00 f3 44 0f 59 fc f3 44 0f 11 

Register to memory mapping:

RAX=0x00000007ad662ba8 is an unknown value
RBX=0x00007f54883ae9d8 is an unknown value
RCX=0x000000000000ad31 is an unknown value
RDX=0x00007f549142ee20: <offset 0xca6e20> in /usr/lib/jvm/java-7-openjdk-amd64/jre/lib/amd64/server/libjvm.so at 0x00007f5490788000
RSP=0x00007f54441177d0 is pointing into the stack for thread: 0x00007f54883ae800
RBP=0x00007f5444117910 is pointing into the stack for thread: 0x00007f54883ae800
RSI=0x0000000000000007 is an unknown value
RDI=0x00007f54883ae800 is a thread
R8 =0x0000000000000010 is an unknown value
R9 =0x0000000000000010 is an unknown value
R10=0x00007f5485011f64 is an Interpreter codelet
method entry point (kind = native)  [0x00007f5485011d00, 0x00007f5485012540]  2112 bytes
R11=0x00007f5490f090b0: <offset 0x7810b0> in /usr/lib/jvm/java-7-openjdk-amd64/jre/lib/amd64/server/libjvm.so at 0x00007f5490788000
R12=0x0000000000000000 is an unknown value
R13=0x00000006fbf48800 is an oop
{method} 
 - klass: {other class}
R14=0x00007f5444117910 is pointing into the stack for thread: 0x00007f54883ae800
R15=0x00007f54883ae800 is a thread


Stack: [0x00007f5444018000,0x00007f5444119000],  sp=0x00007f54441177d0,  free space=1021k
Native frames: (J=compiled Java code, j=interpreted, Vv=VM code, C=native code)
